  main.cpp
d:\раб\1\дело\папки проектов\wiktolaz\project\histr\mine_user\project2\main.cpp(44): warning C4267: аргумент: преобразование из "size_t" в "int"; возможна потеря данных
c:\program files (x86)\microsoft visual studio\2017\community\vc\tools\msvc\14.16.27023\include\type_traits(16707566): warning C4267: аргумент: преобразование из "size_t" в "int"; возможна потеря данных
  c:\program files (x86)\microsoft visual studio\2017\community\vc\tools\msvc\14.16.27023\include\type_traits(16707566): note: выполняется компиляция ссылки на экземпляр шаблон функции "void std::_Invoker_functor::_Call<void(__cdecl *)(std::string,int,int,std::string,std::string),_Ty,unsigned __int64,int,std::basic_string<char,std::char_traits<char>,std::allocator<char>>,std::basic_string<char,std::char_traits<char>,std::allocator<char>>>(_Callable &&,_Ty &&,unsigned __int64 &&,int &&,std::basic_string<char,std::char_traits<char>,std::allocator<char>> &&,std::basic_string<char,std::char_traits<char>,std::allocator<char>> &&) noexcept(false)"
          with
          [
              _Ty=const char *,
              _Callable=void (__cdecl *)(std::string,int,int,std::string,std::string)
          ]
  c:\program files (x86)\microsoft visual studio\2017\community\vc\tools\msvc\14.16.27023\include\thr\xthread(237): note: выполняется компиляция ссылки на экземпляр шаблон функции "void std::invoke<void(__cdecl *)(std::string,int,int,std::string,std::string),const char*,unsigned __int64,int,std::basic_string<char,std::char_traits<char>,std::allocator<char>>,std::basic_string<char,std::char_traits<char>,std::allocator<char>>>(_Callable &&,const char *&&,unsigned __int64 &&,int &&,std::basic_string<char,std::char_traits<char>,std::allocator<char>> &&,std::basic_string<char,std::char_traits<char>,std::allocator<char>> &&) noexcept(false)"
          with
          [
              _Callable=void (__cdecl *)(std::string,int,int,std::string,std::string)
          ]
  c:\program files (x86)\microsoft visual studio\2017\community\vc\tools\msvc\14.16.27023\include\thr\xthread(246): note: выполняется компиляция ссылки на экземпляр шаблон функции "void std::_LaunchPad<_Target>::_Execute<0,1,2,3,4,5>(std::tuple<void (__cdecl *)(std::string,int,int,std::string,std::string),const char *,unsigned __int64,int,std::basic_string<char,std::char_traits<char>,std::allocator<char>>,std::basic_string<char,std::char_traits<char>,std::allocator<char>>> &,std::integer_sequence<unsigned __int64,0,1,2,3,4,5>)"
          with
          [
              _Target=std::unique_ptr<std::tuple<void (__cdecl *)(std::string,int,int,std::string,std::string),const char *,unsigned __int64,int,std::basic_string<char,std::char_traits<char>,std::allocator<char>>,std::basic_string<char,std::char_traits<char>,std::allocator<char>>>,std::default_delete<std::tuple<void (__cdecl *)(std::string,int,int,std::string,std::string),const char *,unsigned __int64,int,std::basic_string<char,std::char_traits<char>,std::allocator<char>>,std::basic_string<char,std::char_traits<char>,std::allocator<char>>>>>
          ]
  c:\program files (x86)\microsoft visual studio\2017\community\vc\tools\msvc\14.16.27023\include\thr\xthread(245): note: выполняется компиляция ссылки на экземпляр шаблон функции "void std::_LaunchPad<_Target>::_Execute<0,1,2,3,4,5>(std::tuple<void (__cdecl *)(std::string,int,int,std::string,std::string),const char *,unsigned __int64,int,std::basic_string<char,std::char_traits<char>,std::allocator<char>>,std::basic_string<char,std::char_traits<char>,std::allocator<char>>> &,std::integer_sequence<unsigned __int64,0,1,2,3,4,5>)"
          with
          [
              _Target=std::unique_ptr<std::tuple<void (__cdecl *)(std::string,int,int,std::string,std::string),const char *,unsigned __int64,int,std::basic_string<char,std::char_traits<char>,std::allocator<char>>,std::basic_string<char,std::char_traits<char>,std::allocator<char>>>,std::default_delete<std::tuple<void (__cdecl *)(std::string,int,int,std::string,std::string),const char *,unsigned __int64,int,std::basic_string<char,std::char_traits<char>,std::allocator<char>>,std::basic_string<char,std::char_traits<char>,std::allocator<char>>>>>
          ]
  c:\program files (x86)\microsoft visual studio\2017\community\vc\tools\msvc\14.16.27023\include\thr\xthread(242): note: при компиляции функции-члена "<Нет данных>" класса класс <Нет данных>
  c:\program files (x86)\microsoft visual studio\2017\community\vc\tools\msvc\14.16.27023\include\thr\xthread(230): note: выполняется компиляция ссылки на экземпляр шаблон функции "void std::_LaunchPad<_Target>::_Run(std::_LaunchPad<_Target> *) noexcept"
          with
          [
              _Target=std::unique_ptr<std::tuple<void (__cdecl *)(std::string,int,int,std::string,std::string),const char *,unsigned __int64,int,std::basic_string<char,std::char_traits<char>,std::allocator<char>>,std::basic_string<char,std::char_traits<char>,std::allocator<char>>>,std::default_delete<std::tuple<void (__cdecl *)(std::string,int,int,std::string,std::string),const char *,unsigned __int64,int,std::basic_string<char,std::char_traits<char>,std::allocator<char>>,std::basic_string<char,std::char_traits<char>,std::allocator<char>>>>>
          ]
  c:\program files (x86)\microsoft visual studio\2017\community\vc\tools\msvc\14.16.27023\include\thr\xthread(257): note: выполняется компиляция ссылки на экземпляр шаблон класс "std::_LaunchPad<_Target>"
          with
          [
              _Target=std::unique_ptr<std::tuple<void (__cdecl *)(std::string,int,int,std::string,std::string),const char *,unsigned __int64,int,std::basic_string<char,std::char_traits<char>,std::allocator<char>>,std::basic_string<char,std::char_traits<char>,std::allocator<char>>>,std::default_delete<std::tuple<void (__cdecl *)(std::string,int,int,std::string,std::string),const char *,unsigned __int64,int,std::basic_string<char,std::char_traits<char>,std::allocator<char>>,std::basic_string<char,std::char_traits<char>,std::allocator<char>>>>>
          ]
  c:\program files (x86)\microsoft visual studio\2017\community\vc\tools\msvc\14.16.27023\include\thread(46): note: выполняется компиляция ссылки на экземпляр шаблон функции "void std::_Launch<std::unique_ptr<std::tuple<void (__cdecl *)(std::string,int,int,std::string,std::string),const char *,unsigned __int64,int,std::basic_string<char,std::char_traits<char>,std::allocator<char>>,std::basic_string<char,std::char_traits<char>,std::allocator<char>>>,std::default_delete<_Ty>>>(_Thrd_t *,_Target &&)"
          with
          [
              _Ty=std::tuple<void (__cdecl *)(std::string,int,int,std::string,std::string),const char *,unsigned __int64,int,std::basic_string<char,std::char_traits<char>,std::allocator<char>>,std::basic_string<char,std::char_traits<char>,std::allocator<char>>>,
              _Target=std::unique_ptr<std::tuple<void (__cdecl *)(std::string,int,int,std::string,std::string),const char *,unsigned __int64,int,std::basic_string<char,std::char_traits<char>,std::allocator<char>>,std::basic_string<char,std::char_traits<char>,std::allocator<char>>>,std::default_delete<std::tuple<void (__cdecl *)(std::string,int,int,std::string,std::string),const char *,unsigned __int64,int,std::basic_string<char,std::char_traits<char>,std::allocator<char>>,std::basic_string<char,std::char_traits<char>,std::allocator<char>>>>>
          ]
  d:\раб\1\дело\папки проектов\wiktolaz\project\histr\mine_user\project2\main.cpp(56): note: выполняется компиляция ссылки на экземпляр шаблон функции "std::thread::thread<void(__cdecl &)(std::string,int,int,std::string,std::string),const char(&)[2],unsigned __int64,int&,std::string&,std::string&,void>(_Fn,const char (&)[2],unsigned __int64 &&,int &,std::string &,std::string &)"
          with
          [
              _Fn=void (__cdecl &)(std::string,int,int,std::string,std::string)
          ]
  Project2.vcxproj -> D:\РАБ\1\дело\папки проектов\wiktolaz\project\HISTR\Mine_user\x64\Debug\Project2.exe
